[0m[[0m[0mdebug[0m] [0m[0m> Exec(run, Some(7bef2496-77e2-43ed-854b-1141cc3dd6cf), Some(CommandSource(console0)))[0m
[0m[[0m[0mdebug[0m] [0m[0mEvaluating tasks: Compile / run[0m
[0m[[0m[0mdebug[0m] [0m[0mRunning task... Cancel: Signal, check cycles: false, forcegc: true[0m
[0m[[0m[0minfo[0m] [0m[0mcompiling 1 Scala source to C:\Users\Pascal\OneDrive - Association Cesi Viacesi mail\CESI RIL 2020\Exemple Scala\hello-world\target\scala-2.13\classes ...[0m
[0m[[0m[31merror[0m] [0m[0mC:\Users\Pascal\OneDrive - Association Cesi Viacesi mail\CESI RIL 2020\Exemple Scala\hello-world\src\main\scala\calculator.scala:14:18: not found: type Signal[0m
[0m[[0m[31merror[0m] [0m[0m  ): Map[String, Signal[Double]] = {[0m
[0m[[0m[31merror[0m] [0m[0m                 ^[0m
[0m[[0m[31merror[0m] [0m[0mC:\Users\Pascal\OneDrive - Association Cesi Viacesi mail\CESI RIL 2020\Exemple Scala\hello-world\src\main\scala\calculator.scala:13:37: not found: type Signal[0m
[0m[[0m[31merror[0m] [0m[0m      namedExpressions: Map[String, Signal[Expr]][0m
[0m[[0m[31merror[0m] [0m[0m                                    ^[0m
[0m[[0m[31merror[0m] [0m[0mC:\Users\Pascal\OneDrive - Association Cesi Viacesi mail\CESI RIL 2020\Exemple Scala\hello-world\src\main\scala\calculator.scala:16:30: not found: type Signal[0m
[0m[[0m[31merror[0m] [0m[0m    var values = Map[String, Signal[Double]]()[0m
[0m[[0m[31merror[0m] [0m[0m                             ^[0m
[0m[[0m[31merror[0m] [0m[0mC:\Users\Pascal\OneDrive - Association Cesi Viacesi mail\CESI RIL 2020\Exemple Scala\hello-world\src\main\scala\calculator.scala:25:48: not found: type Signal[0m
[0m[[0m[31merror[0m] [0m[0m  def eval(expr: Expr, references: Map[String, Signal[Expr]]): Double = {[0m
[0m[[0m[31merror[0m] [0m[0m                                               ^[0m
[0m[[0m[31merror[0m] [0m[0mC:\Users\Pascal\OneDrive - Association Cesi Viacesi mail\CESI RIL 2020\Exemple Scala\hello-world\src\main\scala\calculator.scala:43:31: not found: type Signal[0m
[0m[[0m[31merror[0m] [0m[0m      references: Map[String, Signal[Expr]][0m
[0m[[0m[31merror[0m] [0m[0m                              ^[0m
[0m[[0m[31merror[0m] [0m[0m5 errors found[0m
[0m[[0m[31merror[0m] [0m[0m(Compile / [31mcompileIncremental[0m) Compilation failed[0m
[0m[[0m[31merror[0m] [0m[0mTotal time: 0 s, completed 3 juin 2021 10:50:13[0m
[0m[[0m[0mdebug[0m] [0m[0m> Exec(shell, None, None)[0m
